<testsuites id="" name="" tests="90" failures="28" skipped="0" errors="0" time="478.35287800000003">
<testsuite name="accessibility\wcag-compliance.spec.ts" timestamp="2025-12-08T10:32:13.616Z" hostname="chromium" tests="10" failures="3" skipped="0" time="115.183" errors="0">
<testcase name="WCAG 2.1 AA Compliance › homepage should not have accessibility violations" classname="accessibility\wcag-compliance.spec.ts" time="16.992">
<failure message="wcag-compliance.spec.ts:5:3 homepage should not have accessibility violations" type="FAILURE">
<![CDATA[  [chromium] › accessibility\wcag-compliance.spec.ts:5:3 › WCAG 2.1 AA Compliance › homepage should not have accessibility violations 

    Error: expect(received).toEqual(expected) // deep equality

    - Expected  -   1
    + Received  + 444

    - Array []
    + Array [
    +   Object {
    +     "description": "Ensure elements with an ARIA role that require child roles contain them",
    +     "help": "Certain ARIA roles must contain particular children",
    +     "helpUrl": "https://dequeuniversity.com/rules/axe/4.11/aria-required-children?application=playwright",
    +     "id": "aria-required-children",
    +     "impact": "critical",
    +     "nodes": Array [
    +       Object {
    +         "all": Array [],
    +         "any": Array [
    +           Object {
    +             "data": Object {
    +               "messageKey": "unallowed",
    +               "values": "button[tabindex]",
    +             },
    +             "id": "aria-required-children",
    +             "impact": "critical",
    +             "message": "Element has children which are not allowed: button[tabindex]",
    +             "relatedNodes": Array [
    +               Object {
    +                 "html": "<button class=\"flex-1 py-3 text-xs font-semibold flex items-center justify-center gap-2 transition-colors relative focus:outline-none focus:bg-overlay text-accent-primary\" title=\"Recent History\">",
    +                 "target": Array [
    +                   "button[title=\"Recent History\"]",
    +                 ],
    +               },
    +               Object {
    +                 "html": "<button class=\"flex-1 py-3 text-xs font-semibold flex items-center justify-center gap-2 transition-colors relative focus:outline-none focus:bg-overlay text-muted hover:text-foreground\" title=\"Saved Projects\">",
    +                 "target": Array [
    +                   "button[title=\"Saved Projects\"]",
    +                 ],
    +               },
    +               Object {
    +                 "html": "<button class=\"flex-1 py-3 text-xs font-semibold flex items-center justify-center gap-2 transition-colors relative focus:outline-none focus:bg-overlay text-muted hover:text-foreground\" title=\"Custom Templates\">",
    +                 "target": Array [
    +                   "button[title=\"Custom Templates\"]",
    +                 ],
    +               },
    +             ],
    +           },
    +         ],
    +         "failureSummary": "Fix any of the following:
    +   Element has children which are not allowed: button[tabindex]",
    +         "html": "<div class=\"flex border-b border-border shrink-0\" role=\"tablist\">",
    +         "impact": "critical",
    +         "none": Array [],
    +         "target": Array [
    +           "div[role=\"tablist\"]",
    +         ],
    +       },
    +     ],
    +     "tags": Array [
    +       "cat.aria",
    +       "wcag2a",
    +       "wcag131",
    +       "EN-301-549",
    +       "EN-9.1.3.1",
    +       "RGAAv4",
    +       "RGAA-9.3.1",
    +     ],
    +   },
    +   Object {
    +     "description": "Ensure buttons have discernible text",
    +     "help": "Buttons must have discernible text",
    +     "helpUrl": "https://dequeuniversity.com/rules/axe/4.11/button-name?application=playwright",
    +     "id": "button-name",
    +     "impact": "critical",
    +     "nodes": Array [
    +       Object {
    +         "all": Array [],
    +         "any": Array [
    +           Object {
    +             "data": null,
    +             "id": "button-has-visible-text",
    +             "impact": "critical",
    +             "message": "Element does not have inner text that is visible to screen readers",
    +             "relatedNodes": Array [],
    +           },
    +           Object {
    +             "data": null,
    +             "id": "aria-label",
    +             "impact": "critical",
    +             "message": "aria-label attribute does not exist or is empty",
    +             "relatedNodes": Array [],
    +           },
    +           Object {
    +             "data": null,
    +             "id": "aria-labelledby",
    +             "impact": "critical",
    +             "message": "aria-labelledby attribute does not exist, references elements that do not exist or references elements that are empty",
    +             "relatedNodes": Array [],
    +           },
    +           Object {
    +             "data": Object {
    +               "messageKey": "noAttr",
    +             },
    +             "id": "non-empty-title",
    +             "impact": "critical",
    +             "message": "Element has no title attribute",
    +             "relatedNodes": Array [],
    +           },
    +           Object {
    +             "data": null,
    +             "id": "implicit-label",
    +             "impact": "critical",
    +             "message": "Element does not have an implicit (wrapped) <label>",
    +             "relatedNodes": Array [],
    +           },
    +           Object {
    +             "data": null,
    +             "id": "explicit-label",
    +             "impact": "critical",
    +             "message": "Element does not have an explicit <label>",
    +             "relatedNodes": Array [],
    +           },
    +           Object {
    +             "data": null,
    +             "id": "presentational-role",
    +             "impact": "critical",
    +             "message": "Element's default semantics were not overridden with role=\"none\" or role=\"presentation\"",
    +             "relatedNodes": Array [],
    +           },
    +         ],
    +         "failureSummary": "Fix any of the following:
    +   Element does not have inner text that is visible to screen readers
    +   aria-label attribute does not exist or is empty
    +   aria-labelledby attribute does not exist, references elements that do not exist or references elements that are empty
    +   Element has no title attribute
    +   Element does not have an implicit (wrapped) <label>
    +   Element does not have an explicit <label>
    +   Element's default semantics were not overridden with role=\"none\" or role=\"presentation\"",
    +         "html": "<button class=\"text-slate-400 hover:text-white\">",
    +         "impact": "critical",
    +         "none": Array [],
    +         "target": Array [
    +           ".text-slate-400.hover\\:text-white",
    +         ],
    +       },
    +     ],
    +     "tags": Array [
    +       "cat.name-role-value",
    +       "wcag2a",
    +       "wcag412",
    +       "section508",
    +       "section508.22.a",
    +       "TTv5",
    +       "TT6.a",
    +       "EN-301-549",
    +       "EN-9.4.1.2",
    +       "ACT",
    +       "RGAAv4",
    +       "RGAA-11.9.1",
    +     ],
    +   },
    +   Object {
    +     "description": "Ensure the contrast between foreground and background colors meets WCAG 2 AA minimum contrast ratio thresholds",
    +     "help": "Elements must meet minimum color contrast ratio thresholds",
    +     "helpUrl": "https://dequeuniversity.com/rules/axe/4.11/color-contrast?application=playwright",
    +     "id": "color-contrast",
    +     "impact": "serious",
    +     "nodes": Array [
    +       Object {
    +         "all": Array [],
    +         "any": Array [
    +           Object {
    +             "data": Object {
    +               "bgColor": "#ffffff",
    +               "contrastRatio": 2.54,
    +               "expectedContrastRatio": "3:1",
    +               "fgColor": "#60a5fa",
    +               "fontSize": "15.0pt (20px)",
    +               "fontWeight": "bold",
    +               "messageKey": null,
    +             },
    +             "id": "color-contrast",
    +             "impact": "serious",
    +             "message": "Element has insufficient color contrast of 2.54 (foreground color: #60a5fa, background color: #ffffff, font size: 15.0pt (20px), font weight: bold). Expected contrast ratio of 3:1",
    +             "relatedNodes": Array [
    +               Object {
    +                 "html": "<header class=\"border-b border-border bg-background/80 backdrop-blur-md sticky top-0 z-50 shadow-sm transition-colors\" role=\"banner\">",
    +                 "target": Array [
    +                   "header",
    +                 ],
    +               },
    +               Object {
    +                 "html": "<div class=\"min-h-screen bg-background text-foreground flex flex-col font-sans selection:bg-accent-primary/30 transition-colors\">",
    +                 "target": Array [
    +                   ".min-h-screen",
    +                 ],
    +               },
    +             ],
    +           },
    +         ],
    +         "failureSummary": "Fix any of the following:
    +   Element has insufficient color contrast of 2.54 (foreground color: #60a5fa, background color: #ffffff, font size: 15.0pt (20px), font weight: bold). Expected contrast ratio of 3:1",
    +         "html": "<span class=\"text-blue-400\">Studio</span>",
    +         "impact": "serious",
    +         "none": Array [],
    +         "target": Array [
    +           "#app-title > .text-blue-400",
    +         ],
    +       },
    +       Object {
    +         "all": Array [],
    +         "any": Array [
    +           Object {
    +             "data": Object {
    +               "bgColor": "#334155",
    +               "contrastRatio": 4.03,
    +               "expectedContrastRatio": "4.5:1",
    +               "fgColor": "#94a3b8",
    +               "fontSize": "10.5pt (14px)",
    +               "fontWeight": "normal",
    +               "messageKey": null,
    +             },
    +             "id": "color-contrast",
    +             "impact": "serious",
    +             "message": "Element has insufficient color contrast of 4.03 (foreground color: #94a3b8, background color: #334155, font size: 10.5pt (14px), font weight: normal). Expected contrast ratio of 4.5:1",
    +             "relatedNodes": Array [
    +               Object {
    +                 "html": "<button class=\"flex items-center gap-2 px-3 py-2 rounded-lg text-sm transition-colors bg-slate-700 text-slate-400 border border-slate-600\" title=\"Cloud sync disabled\">",
    +                 "target": Array [
    +                   "button[title=\"Cloud sync disabled\"]",
    +                 ],
    +               },
    +             ],
    +           },
    +         ],
    +         "failureSummary": "Fix any of the following:
    +   Element has insufficient color contrast of 4.03 (foreground color: #94a3b8, background color: #334155, font size: 10.5pt (14px), font weight: normal). Expected contrast ratio of 4.5:1",
    +         "html": "<span class=\"hidden sm:inline\">Local only</span>",
    +         "impact": "serious",
    +         "none": Array [],
    +         "target": Array [
    +           "button[title=\"Cloud sync disabled\"] > .sm\\:inline.hidden",
    +         ],
    +       },
    +       Object {
    +         "all": Array [],
    +         "any": Array [
    +           Object {
    +             "data": Object {
    +               "bgColor": "#e6d2d2",
    +               "contrastRatio": 1.31,
    +               "expectedContrastRatio": "4.5:1",
    +               "fgColor": "#fca5a5",
    +               "fontSize": "9.0pt (12px)",
    +               "fontWeight": "normal",
    +               "messageKey": null,
    +             },
    +             "id": "color-contrast",
    +             "impact": "serious",
    +             "message": "Element has insufficient color contrast of 1.31 (foreground color: #fca5a5, background color: #e6d2d2, font size: 9.0pt (12px), font weight: normal). Expected contrast ratio of 4.5:1",
    +             "relatedNodes": Array [
    +               Object {
    +                 "html": "<button class=\"flex items-center ga...\" aria-label=\"Logout\" title=\"Logout\">",
    +                 "target": Array [
    +                   ".text-red-300",
    +                 ],
    +               },
    +               Object {
    +                 "html": "<header class=\"border-b border-border bg-background/80 backdrop-blur-md sticky top-0 z-50 shadow-sm transition-colors\" role=\"banner\">",
    +                 "target": Array [
    +                   "header",
    +                 ],
    +               },
    +               Object {
    +                 "html": "<div class=\"min-h-screen bg-background text-foreground flex flex-col font-sans selection:bg-accent-primary/30 transition-colors\">",
    +                 "target": Array [
    +                   ".min-h-screen",
    +                 ],
    +               },
    +             ],
    +           },
    +         ],
    +         "failureSummary": "Fix any of the following:
    +   Element has insufficient color contrast of 1.31 (foreground color: #fca5a5, background color: #e6d2d2, font size: 9.0pt (12px), font weight: normal). Expected contrast ratio of 4.5:1",
    +         "html": "<span class=\"hidden sm:inline\">Logout</span>",
    +         "impact": "serious",
    +         "none": Array [],
    +         "target": Array [
    +           ".text-red-300 > .sm\\:inline.hidden",
    +         ],
    +       },
    +       Object {
    +         "all": Array [],
    +         "any": Array [
    +           Object {
    +             "data": Object {
    +               "bgColor": "#f0f2ff",
    +               "contrastRatio": 4.16,
    +               "expectedContrastRatio": "4.5:1",
    +               "fgColor": "#5b5fff",
    +               "fontSize": "9.0pt (12px)",
    +               "fontWeight": "normal",
    +               "messageKey": null,
    +             },
    +             "id": "color-contrast",
    +             "impact": "serious",
    +             "message": "Element has insufficient color contrast of 4.16 (foreground color: #5b5fff, background color: #f0f2ff, font size: 9.0pt (12px), font weight: normal). Expected contrast ratio of 4.5:1",
    +             "relatedNodes": Array [
    +               Object {
    +                 "html": "<button class=\"flex items-center ga...\">",
    +                 "target": Array [
    +                   ".hover\\:text-accent-primary-hover",
    +                 ],
    +               },
    +             ],
    +           },
    +         ],
    +         "failureSummary": "Fix any of the following:
    +   Element has insufficient color contrast of 4.16 (foreground color: #5b5fff, background color: #f0f2ff, font size: 9.0pt (12px), font weight: normal). Expected contrast ratio of 4.5:1",
    +         "html": "<span class=\"hidden sm:inline\">Examples</span>",
    +         "impact": "serious",
    +         "none": Array [],
    +         "target": Array [
    +           ".hover\\:text-accent-primary-hover > .sm\\:inline.hidden",
    +         ],
    +       },
    +       Object {
    +         "all": Array [],
    +         "any": Array [
    +           Object {
    +             "data": Object {
    +               "bgColor": "#ffffff",
    +               "contrastRatio": 2.98,
    +               "expectedContrastRatio": "4.5:1",
    +               "fgColor": "#818cf8",
    +               "fontSize": "7.5pt (10px)",
    +               "fontWeight": "bold",
    +               "messageKey": null,
    +             },
    +             "id": "color-contrast",
    +             "impact": "serious",
    +             "message": "Element has insufficient color contrast of 2.98 (foreground color: #818cf8, background color: #ffffff, font size: 7.5pt (10px), font weight: bold). Expected contrast ratio of 4.5:1",
    +             "relatedNodes": Array [],
    +           },
    +         ],
    +         "failureSummary": "Fix any of the following:
    +   Element has insufficient color contrast of 2.98 (foreground color: #818cf8, background color: #ffffff, font size: 7.5pt (10px), font weight: bold). Expected contrast ratio of 4.5:1",
    +         "html": "<div class=\"text-[10px] font-bold text-indigo-400 flex items-center gap-1 mr-1\" aria-hidden=\"true\">",
    +         "impact": "serious",
    +         "none": Array [],
    +         "target": Array [
    +           ".mr-1",
    +         ],
    +       },
    +       Object {
    +         "all": Array [],
    +         "any": Array [
    +           Object {
    +             "data": Object {
    +               "bgColor": "#f8f9fb",
    +               "contrastRatio": 1.17,
    +               "expectedContrastRatio": "4.5:1",
    +               "fgColor": "#e2e8f0",
    +               "fontSize": "10.5pt (14px)",
    +               "fontWeight": "normal",
    +               "messageKey": null,
    +             },
    +             "id": "color-contrast",
    +             "impact": "serious",
    +             "message": "Element has insufficient color contrast of 1.17 (foreground color: #e2e8f0, background color: #f8f9fb, font size: 10.5pt (14px), font weight: normal). Expected contrast ratio of 4.5:1",
    +             "relatedNodes": Array [
    +               Object {
    +                 "html": "<div class=\"h-full flex flex-col bg-elevated\">",
    +                 "target": Array [
    +                   ".shadow-lg.rounded-xl.overflow-hidden > .h-full.bg-elevated.flex-col",
    +                 ],
    +               },
    +             ],
    +           },
    +         ],
    +         "failureSummary": "Fix any of the following:
    +   Element has insufficient color contrast of 1.17 (foreground color: #e2e8f0, background color: #f8f9fb, font size: 10.5pt (14px), font weight: normal). Expected contrast ratio of 4.5:1",
    +         "html": "<h3 class=\"text-sm font-semibold text-slate-200 mb-2\">Your prompt history will appear here</h3>",
    +         "impact": "serious",
    +         "none": Array [],
    +         "target": Array [
    +           ".py-10 > h3",
    +         ],
    +       },
    +     ],
    +     "tags": Array [
    +       "cat.color",
    +       "wcag2aa",
    +       "wcag143",
    +       "TTv5",
    +       "TT13.c",
    +       "EN-301-549",
    +       "EN-9.1.4.3",
    +       "ACT",
    +       "RGAAv4",
    +       "RGAA-3.2.1",
    +     ],
    +   },
    +   Object {
    +     "description": "Ensure interactive controls are not nested as they are not always announced by screen readers or can cause focus problems for assistive technologies",
    +     "help": "Interactive controls must not be nested",
    +     "helpUrl": "https://dequeuniversity.com/rules/axe/4.11/nested-interactive?application=playwright",
    +     "id": "nested-interactive",
    +     "impact": "serious",
    +     "nodes": Array [
    +       Object {
    +         "all": Array [],
    +         "any": Array [
    +           Object {
    +             "data": null,
    +             "id": "no-focusable-content",
    +             "impact": "serious",
    +             "message": "Element has focusable descendants",
    +             "relatedNodes": Array [
    +               Object {
    +                 "html": "<button class=\"flex items-center ga...\">",
    +                 "target": Array [
    +                   ".hover\\:text-accent-primary-hover",
    +                 ],
    +               },
    +             ],
    +           },
    +         ],
    +         "failureSummary": "Fix any of the following:
    +   Element has focusable descendants",
    +         "html": "<div role=\"button\" tabindex=\"0\">",
    +         "impact": "serious",
    +         "none": Array [],
    +         "target": Array [
    +           "div[role=\"button\"]",
    +         ],
    +       },
    +     ],
    +     "tags": Array [
    +       "cat.keyboard",
    +       "wcag2a",
    +       "wcag412",
    +       "TTv5",
    +       "TT6.a",
    +       "EN-301-549",
    +       "EN-9.4.1.2",
    +       "RGAAv4",
    +       "RGAA-7.1.1",
    +     ],
    +   },
    + ]

      11 |       .analyze();
      12 |     
    > 13 |     expect(results.violations).toEqual([]);
         |                                ^
      14 |   });
      15 |
      16 |   test('prompt input area should be accessible', async ({ page }) => {
        at C:\Users\HP\OneDrive\Desktop\Projects\KIRO\devprompt-studio\e2e\accessibility\wcag-compliance.spec.ts:13:32

    attachment #1: screenshot (image/png) ──────────────────────────────────────────────────────────
    ..\test-results\accessibility-wcag-complia-20b01-ve-accessibility-violations-chromium\test-failed-1.png
    ────────────────────────────────────────────────────────────────────────────────────────────────

    attachment #2: video (video/webm) ──────────────────────────────────────────────────────────────
    ..\test-results\accessibility-wcag-complia-20b01-ve-accessibility-violations-chromium\video-1.webm
    ────────────────────────────────────────────────────────────────────────────────────────────────

    attachment #3: video (video/webm) ──────────────────────────────────────────────────────────────
    ..\test-results\accessibility-wcag-complia-20b01-ve-accessibility-violations-chromium\video.webm
    ────────────────────────────────────────────────────────────────────────────────────────────────

    Error Context: ..\test-results\accessibility-wcag-complia-20b01-ve-accessibility-violations-chromium\error-context.md
]]>
</failure>
<system-out>
<![CDATA[
[[ATTACHMENT|accessibility-wcag-complia-20b01-ve-accessibility-violations-chromium\test-failed-1.png]]

[[ATTACHMENT|accessibility-wcag-complia-20b01-ve-accessibility-violations-chromium\video-1.webm]]

[[ATTACHMENT|accessibility-wcag-complia-20b01-ve-accessibility-violations-chromium\video.webm]]

[[ATTACHMENT|accessibility-wcag-complia-20b01-ve-accessibility-violations-chromium\error-context.md]]
]]>
</system-out>
</testcase>
<testcase name="WCAG 2.1 AA Compliance › prompt input area should be accessible" classname="accessibility\wcag-compliance.spec.ts" time="16.758">
</testcase>
<testcase name="WCAG 2.1 AA Compliance › modals should be accessible" classname="accessibility\wcag-compliance.spec.ts" time="17.466">
</testcase>
<testcase name="WCAG 2.1 AA Compliance › keyboard navigation should work" classname="accessibility\wcag-compliance.spec.ts" time="16.674">
<failure message="wcag-compliance.spec.ts:44:3 keyboard navigation should work" type="FAILURE">
<![CDATA[  [chromium] › accessibility\wcag-compliance.spec.ts:44:3 › WCAG 2.1 AA Compliance › keyboard navigation should work 

    Error: expect(received).toEqual(expected) // deep equality

    - Expected  -   1
    + Received  + 109

    - Array []
    + Array [
    +   Object {
    +     "description": "Ensure elements with an ARIA role that require child roles contain them",
    +     "help": "Certain ARIA roles must contain particular children",
    +     "helpUrl": "https://dequeuniversity.com/rules/axe/4.11/aria-required-children?application=playwright",
    +     "id": "aria-required-children",
    +     "impact": "critical",
    +     "nodes": Array [
    +       Object {
    +         "all": Array [],
    +         "any": Array [
    +           Object {
    +             "data": Object {
    +               "messageKey": "unallowed",
    +               "values": "button[tabindex]",
    +             },
    +             "id": "aria-required-children",
    +             "impact": "critical",
    +             "message": "Element has children which are not allowed: button[tabindex]",
    +             "relatedNodes": Array [
    +               Object {
    +                 "html": "<button class=\"flex-1 py-3 text-xs font-semibold flex items-center justify-center gap-2 transition-colors relative focus:outline-none focus:bg-overlay text-accent-primary\" title=\"Recent History\">",
    +                 "target": Array [
    +                   "button[title=\"Recent History\"]",
    +                 ],
    +               },
    +               Object {
    +                 "html": "<button class=\"flex-1 py-3 text-xs font-semibold flex items-center justify-center gap-2 transition-colors relative focus:outline-none focus:bg-overlay text-muted hover:text-foreground\" title=\"Saved Projects\">",
    +                 "target": Array [
    +                   "button[title=\"Saved Projects\"]",
    +                 ],
    +               },
    +               Object {
    +                 "html": "<button class=\"flex-1 py-3 text-xs font-semibold flex items-center justify-center gap-2 transition-colors relative focus:outline-none focus:bg-overlay text-muted hover:text-foreground\" title=\"Custom Templates\">",
    +                 "target": Array [
    +                   "button[title=\"Custom Templates\"]",
    +                 ],
    +               },
    +             ],
    +           },
    +         ],
    +         "failureSummary": "Fix any of the following:
    +   Element has children which are not allowed: button[tabindex]",
    +         "html": "<div class=\"flex border-b border-border shrink-0\" role=\"tablist\">",
    +         "impact": "critical",
    +         "none": Array [],
    +         "target": Array [
    +           "div[role=\"tablist\"]",
    +         ],
    +       },
    +     ],
    +     "tags": Array [
    +       "cat.aria",
    +       "wcag2a",
    +       "wcag131",
    +       "EN-301-549",
    +       "EN-9.1.3.1",
    +       "RGAAv4",
    +       "RGAA-9.3.1",
    +     ],
    +   },
    +   Object {
    +     "description": "Ensure interactive controls are not nested as they are not always announced by screen readers or can cause focus problems for assistive technologies",
    +     "help": "Interactive controls must not be nested",
    +     "helpUrl": "https://dequeuniversity.com/rules/axe/4.11/nested-interactive?application=playwright",
    +     "id": "nested-interactive",
    +     "impact": "serious",
    +     "nodes": Array [
    +       Object {
    +         "all": Array [],
    +         "any": Array [
    +           Object {
    +             "data": null,
    +             "id": "no-focusable-content",
    +             "impact": "serious",
    +             "message": "Element has focusable descendants",
    +             "relatedNodes": Array [
    +               Object {
    +                 "html": "<button class=\"flex items-center ga...\">",
    +                 "target": Array [
    +                   ".hover\\:text-accent-primary-hover",
    +                 ],
    +               },
    +             ],
    +           },
    +         ],
    +         "failureSummary": "Fix any of the following:
    +   Element has focusable descendants",
    +         "html": "<div role=\"button\" tabindex=\"0\">",
    +         "impact": "serious",
    +         "none": Array [],
    +         "target": Array [
    +           "div[role=\"button\"]",
    +         ],
    +       },
    +     ],
    +     "tags": Array [
    +       "cat.keyboard",
    +       "wcag2a",
    +       "wcag412",
    +       "TTv5",
    +       "TT6.a",
    +       "EN-301-549",
    +       "EN-9.4.1.2",
    +       "RGAAv4",
    +       "RGAA-7.1.1",
    +     ],
    +   },
    + ]

      56 |       .analyze();
      57 |     
    > 58 |     expect(results.violations).toEqual([]);
         |                                ^
      59 |   });
      60 |
      61 |   test('color contrast should meet WCAG AA', async ({ page }) => {
        at C:\Users\HP\OneDrive\Desktop\Projects\KIRO\devprompt-studio\e2e\accessibility\wcag-compliance.spec.ts:58:32

    attachment #1: screenshot (image/png) ──────────────────────────────────────────────────────────
    ..\test-results\accessibility-wcag-complia-08e46-oard-navigation-should-work-chromium\test-failed-1.png
    ────────────────────────────────────────────────────────────────────────────────────────────────

    attachment #2: video (video/webm) ──────────────────────────────────────────────────────────────
    ..\test-results\accessibility-wcag-complia-08e46-oard-navigation-should-work-chromium\video.webm
    ────────────────────────────────────────────────────────────────────────────────────────────────

    attachment #3: video (video/webm) ──────────────────────────────────────────────────────────────
    ..\test-results\accessibility-wcag-complia-08e46-oard-navigation-should-work-chromium\video-1.webm
    ────────────────────────────────────────────────────────────────────────────────────────────────

    Error Context: ..\test-results\accessibility-wcag-complia-08e46-oard-navigation-should-work-chromium\error-context.md
]]>
</failure>
<system-out>
<![CDATA[
[[ATTACHMENT|accessibility-wcag-complia-08e46-oard-navigation-should-work-chromium\test-failed-1.png]]

[[ATTACHMENT|accessibility-wcag-complia-08e46-oard-navigation-should-work-chromium\video.webm]]

[[ATTACHMENT|accessibility-wcag-complia-08e46-oard-navigation-should-work-chromium\video-1.webm]]

[[ATTACHMENT|accessibility-wcag-complia-08e46-oard-navigation-should-work-chromium\error-context.md]]
]]>
</system-out>
</testcase>
<testcase name="WCAG 2.1 AA Compliance › color contrast should meet WCAG AA" classname="accessibility\wcag-compliance.spec.ts" time="7.39">
<failure message="wcag-compliance.spec.ts:61:3 color contrast should meet WCAG AA" type="FAILURE">
<![CDATA[  [chromium] › accessibility\wcag-compliance.spec.ts:61:3 › WCAG 2.1 AA Compliance › color contrast should meet WCAG AA 

    Error: expect(received).toEqual(expected) // deep equality

    - Expected  -   1
    + Received  + 146

    - Array []
    + Array [
    +   Object {
    +     "description": "Ensure the contrast between foreground and background colors meets WCAG 2 AA minimum contrast ratio thresholds",
    +     "help": "Elements must meet minimum color contrast ratio thresholds",
    +     "helpUrl": "https://dequeuniversity.com/rules/axe/4.11/color-contrast?application=playwright",
    +     "id": "color-contrast",
    +     "impact": "serious",
    +     "nodes": Array [
    +       Object {
    +         "all": Array [],
    +         "any": Array [
    +           Object {
    +             "data": Object {
    +               "bgColor": "#ffffff",
    +               "contrastRatio": 2.54,
    +               "expectedContrastRatio": "3:1",
    +               "fgColor": "#60a5fa",
    +               "fontSize": "15.0pt (20px)",
    +               "fontWeight": "bold",
    +               "messageKey": null,
    +             },
    +             "id": "color-contrast",
    +             "impact": "serious",
    +             "message": "Element has insufficient color contrast of 2.54 (foreground color: #60a5fa, background color: #ffffff, font size: 15.0pt (20px), font weight: bold). Expected contrast ratio of 3:1",
    +             "relatedNodes": Array [
    +               Object {
    +                 "html": "<header class=\"border-b border-border bg-background/80 backdrop-blur-md sticky top-0 z-50 shadow-sm transition-colors\" role=\"banner\">",
    +                 "target": Array [
    +                   "header",
    +                 ],
    +               },
    +               Object {
    +                 "html": "<div class=\"min-h-screen bg-background text-foreground flex flex-col font-sans selection:bg-accent-primary/30 transition-colors\">",
    +                 "target": Array [
    +                   ".min-h-screen",
    +                 ],
    +               },
    +             ],
    +           },
    +         ],
    +         "failureSummary": "Fix any of the following:
    +   Element has insufficient color contrast of 2.54 (foreground color: #60a5fa, background color: #ffffff, font size: 15.0pt (20px), font weight: bold). Expected contrast ratio of 3:1",
    +         "html": "<span class=\"text-blue-400\">Studio</span>",
    +         "impact": "serious",
    +         "none": Array [],
    +         "target": Array [
    +           ".text-blue-400",
    +         ],
    +       },
    +       Object {
    +         "all": Array [],
    +         "any": Array [
    +           Object {
    +             "data": Object {
    +               "bgColor": "#334155",
    +               "contrastRatio": 4.03,
    +               "expectedContrastRatio": "4.5:1",
    +               "fgColor": "#94a3b8",
    +               "fontSize": "10.5pt (14px)",
    +               "fontWeight": "normal",
    +               "messageKey": null,
    +             },
    +             "id": "color-contrast",
    +             "impact": "serious",
    +             "message": "Element has insufficient color contrast of 4.03 (foreground color: #94a3b8, background color: #334155, font size: 10.5pt (14px), font weight: normal). Expected contrast ratio of 4.5:1",
    +             "relatedNodes": Array [
    +               Object {
    +                 "html": "<button class=\"flex items-center gap-2 px-3 py-2 rounded-lg text-sm transition-colors bg-slate-700 text-slate-400 border border-slate-600\" title=\"Cloud sync disabled\">",
    +                 "target": Array [
    +                   "button[title=\"Cloud sync disabled\"]",
    +                 ],
    +               },
    +             ],
    +           },
    +         ],
    +         "failureSummary": "Fix any of the following:
    +   Element has insufficient color contrast of 4.03 (foreground color: #94a3b8, background color: #334155, font size: 10.5pt (14px), font weight: normal). Expected contrast ratio of 4.5:1",
    +         "html": "<span class=\"hidden sm:inline\">Local only</span>",
    +         "impact": "serious",
    +         "none": Array [],
    +         "target": Array [
    +           "button[title=\"Cloud sync disabled\"] > .sm\\:inline.hidden",
    +         ],
    +       },
    +       Object {
    +         "all": Array [],
    +         "any": Array [
    +           Object {
    +             "data": Object {
    +               "bgColor": "#e6d2d2",
    +               "contrastRatio": 1.31,
    +               "expectedContrastRatio": "4.5:1",
    +               "fgColor": "#fca5a5",
    +               "fontSize": "9.0pt (12px)",
    +               "fontWeight": "normal",
    +               "messageKey": null,
    +             },
    +             "id": "color-contrast",
    +             "impact": "serious",
    +             "message": "Element has insufficient color contrast of 1.31 (foreground color: #fca5a5, background color: #e6d2d2, font size: 9.0pt (12px), font weight: normal). Expected contrast ratio of 4.5:1",
    +             "relatedNodes": Array [
    +               Object {
    +                 "html": "<button class=\"flex items-center ga...\" aria-label=\"Logout\" title=\"Logout\">",
    +                 "target": Array [
    +                   ".text-red-300",
    +                 ],
    +               },
    +               Object {
    +                 "html": "<header class=\"border-b border-border bg-background/80 backdrop-blur-md sticky top-0 z-50 shadow-sm transition-colors\" role=\"banner\">",
    +                 "target": Array [
    +                   "header",
    +                 ],
    +               },
    +               Object {
    +                 "html": "<div class=\"min-h-screen bg-background text-foreground flex flex-col font-sans selection:bg-accent-primary/30 transition-colors\">",
    +                 "target": Array [
    +                   ".min-h-screen",
    +                 ],
    +               },
    +             ],
    +           },
    +         ],
    +         "failureSummary": "Fix any of the following:
    +   Element has insufficient color contrast of 1.31 (foreground color: #fca5a5, background color: #e6d2d2, font size: 9.0pt (12px), font weight: normal). Expected contrast ratio of 4.5:1",
    +         "html": "<span class=\"hidden sm:inline\">Logout</span>",
    +         "impact": "serious",
    +         "none": Array [],
    +         "target": Array [
    +           ".text-red-300 > .sm\\:inline.hidden",
    +         ],
    +       },
    +     ],
    +     "tags": Array [
    +       "cat.color",
    +       "wcag2aa",
    +       "wcag143",
    +       "TTv5",
    +       "TT13.c",
    +       "EN-301-549",
    +       "EN-9.1.4.3",
    +       "ACT",
    +       "RGAAv4",
    +       "RGAA-3.2.1",
    +     ],
    +   },
    + ]

      68 |     
      69 |     const contrastViolations = results.violations.filter(v => v.id === 'color-contrast');
    > 70 |     expect(contrastViolations).toEqual([]);
         |                                ^
      71 |   });
      72 |
      73 |   test('images should have alt text', async ({ page }) => {
        at C:\Users\HP\OneDrive\Desktop\Projects\KIRO\devprompt-studio\e2e\accessibility\wcag-compliance.spec.ts:70:32

    attachment #1: screenshot (image/png) ──────────────────────────────────────────────────────────
    ..\test-results\accessibility-wcag-complia-03a46-ontrast-should-meet-WCAG-AA-chromium\test-failed-1.png
    ────────────────────────────────────────────────────────────────────────────────────────────────

    attachment #2: video (video/webm) ──────────────────────────────────────────────────────────────
    ..\test-results\accessibility-wcag-complia-03a46-ontrast-should-meet-WCAG-AA-chromium\video-1.webm
    ────────────────────────────────────────────────────────────────────────────────────────────────

    attachment #3: video (video/webm) ──────────────────────────────────────────────────────────────
    ..\test-results\accessibility-wcag-complia-03a46-ontrast-should-meet-WCAG-AA-chromium\video.webm
    ────────────────────────────────────────────────────────────────────────────────────────────────

    Error Context: ..\test-results\accessibility-wcag-complia-03a46-ontrast-should-meet-WCAG-AA-chromium\error-context.md
]]>
</failure>
<system-out>
<![CDATA[
[[ATTACHMENT|accessibility-wcag-complia-03a46-ontrast-should-meet-WCAG-AA-chromium\test-failed-1.png]]

[[ATTACHMENT|accessibility-wcag-complia-03a46-ontrast-should-meet-WCAG-AA-chromium\video-1.webm]]

[[ATTACHMENT|accessibility-wcag-complia-03a46-ontrast-should-meet-WCAG-AA-chromium\video.webm]]

[[ATTACHMENT|accessibility-wcag-complia-03a46-ontrast-should-meet-WCAG-AA-chromium\error-context.md]]
]]>
</system-out>
</testcase>
<testcase name="WCAG 2.1 AA Compliance › images should have alt text" classname="accessibility\wcag-compliance.spec.ts" time="6.276">
</testcase>
<testcase name="WCAG 2.1 AA Compliance › form labels should be associated" classname="accessibility\wcag-compliance.spec.ts" time="9.283">
</testcase>
<testcase name="WCAG 2.1 AA Compliance › headings should be in order" classname="accessibility\wcag-compliance.spec.ts" time="9.916">
</testcase>
<testcase name="WCAG 2.1 AA Compliance › ARIA attributes should be valid" classname="accessibility\wcag-compliance.spec.ts" time="5.881">
</testcase>
<testcase name="WCAG 2.1 AA Compliance › page should have lang attribute" classname="accessibility\wcag-compliance.spec.ts" time="8.547">
</testcase>
</testsuite>
<testsuite name="accessibility\wcag-compliance.spec.ts" timestamp="2025-12-08T10:32:13.616Z" hostname="firefox" tests="10" failures="6" skipped="0" time="264.455" errors="0">
<testcase name="WCAG 2.1 AA Compliance › homepage should not have accessibility violations" classname="accessibility\wcag-compliance.spec.ts" time="40.991">
<failure message="wcag-compliance.spec.ts:5:3 homepage should not have accessibility violations" type="FAILURE">
<![CDATA[  [firefox] › accessibility\wcag-compliance.spec.ts:5:3 › WCAG 2.1 AA Compliance › homepage should not have accessibility violations 

    Test timeout of 30000ms exceeded.

    Error: frame.evaluate: Test timeout of 30000ms exceeded.

       7 |     await page.waitForLoadState('networkidle');
       8 |     
    >  9 |     const results = await new AxeBuilder({ page })
         |                     ^
      10 |       .withTags(['wcag2a', 'wcag2aa', 'wcag21a', 'wcag21aa'])
      11 |       .analyze();
      12 |     
        at AxeBuilder.runPartialRecursive (C:\Users\HP\OneDrive\Desktop\Projects\KIRO\devprompt-studio\node_modules\@axe-core\playwright\dist\index.mjs:283:34)
        at AxeBuilder.analyze (C:\Users\HP\OneDrive\Desktop\Projects\KIRO\devprompt-studio\node_modules\@axe-core\playwright\dist\index.mjs:210:28)
        at C:\Users\HP\OneDrive\Desktop\Projects\KIRO\devprompt-studio\e2e\accessibility\wcag-compliance.spec.ts:9:21

    attachment #1: video (video/webm) ──────────────────────────────────────────────────────────────
    ..\test-results\accessibility-wcag-complia-20b01-ve-accessibility-violations-firefox\video.webm
    ────────────────────────────────────────────────────────────────────────────────────────────────
]]>
</failure>
<system-out>
<![CDATA[
[[ATTACHMENT|accessibility-wcag-complia-20b01-ve-accessibility-violations-firefox\video.webm]]
]]>
</system-out>
</testcase>
<testcase name="WCAG 2.1 AA Compliance › prompt input area should be accessible" classname="accessibility\wcag-compliance.spec.ts" time="37.343">
<failure message="wcag-compliance.spec.ts:16:3 prompt input area should be accessible" type="FAILURE">
<![CDATA[  [firefox] › accessibility\wcag-compliance.spec.ts:16:3 › WCAG 2.1 AA Compliance › prompt input area should be accessible 

    Test timeout of 30000ms exceeded.

    Error: page.goto: Test timeout of 30000ms exceeded.
    Call log:
      - navigating to "http://localhost:3000/", waiting until "load"


      15 |
      16 |   test('prompt input area should be accessible', async ({ page }) => {
    > 17 |     await page.goto('/');
         |                ^
      18 |     
      19 |     const results = await new AxeBuilder({ page })
      20 |       .include('#main-input, textarea')
        at C:\Users\HP\OneDrive\Desktop\Projects\KIRO\devprompt-studio\e2e\accessibility\wcag-compliance.spec.ts:17:16

    attachment #1: video (video/webm) ──────────────────────────────────────────────────────────────
    ..\test-results\accessibility-wcag-complia-94bb9-t-area-should-be-accessible-firefox\video.webm
    ────────────────────────────────────────────────────────────────────────────────────────────────
]]>
</failure>
<system-out>
<![CDATA[
[[ATTACHMENT|accessibility-wcag-complia-94bb9-t-area-should-be-accessible-firefox\video.webm]]
]]>
</system-out>
</testcase>
<testcase name="WCAG 2.1 AA Compliance › modals should be accessible" classname="accessibility\wcag-compliance.spec.ts" time="31.532">
<failure message="wcag-compliance.spec.ts:27:3 modals should be accessible" type="FAILURE">
<![CDATA[  [firefox] › accessibility\wcag-compliance.spec.ts:27:3 › WCAG 2.1 AA Compliance › modals should be accessible 

    Test timeout of 30000ms exceeded while setting up "page".

    Error: browserContext.newPage: Test timeout of 30000ms exceeded.
]]>
</failure>
</testcase>
<testcase name="WCAG 2.1 AA Compliance › keyboard navigation should work" classname="accessibility\wcag-compliance.spec.ts" time="22.915">
<failure message="wcag-compliance.spec.ts:44:3 keyboard navigation should work" type="FAILURE">
<![CDATA[  [firefox] › accessibility\wcag-compliance.spec.ts:44:3 › WCAG 2.1 AA Compliance › keyboard navigation should work 

    Error: expect(received).toEqual(expected) // deep equality

    - Expected  -  1
    + Received  + 62

    - Array []
    + Array [
    +   Object {
    +     "description": "Ensure elements with an ARIA role that require child roles contain them",
    +     "help": "Certain ARIA roles must contain particular children",
    +     "helpUrl": "https://dequeuniversity.com/rules/axe/4.11/aria-required-children?application=playwright",
    +     "id": "aria-required-children",
    +     "impact": "critical",
    +     "nodes": Array [
    +       Object {
    +         "all": Array [],
    +         "any": Array [
    +           Object {
    +             "data": Object {
    +               "messageKey": "unallowed",
    +               "values": "button[tabindex]",
    +             },
    +             "id": "aria-required-children",
    +             "impact": "critical",
    +             "message": "Element has children which are not allowed: button[tabindex]",
    +             "relatedNodes": Array [
    +               Object {
    +                 "html": "<button class=\"flex-1 py-3 text-xs font-semibold flex items-center justify-center gap-2 transition-colors relative focus:outline-none focus:bg-overlay text-accent-primary\" title=\"Recent History\">",
    +                 "target": Array [
    +                   "button[title=\"Recent History\"]",
    +                 ],
    +               },
    +               Object {
    +                 "html": "<button class=\"flex-1 py-3 text-xs font-semibold flex items-center justify-center gap-2 transition-colors relative focus:outline-none focus:bg-overlay text-muted hover:text-foreground\" title=\"Saved Projects\">",
    +                 "target": Array [
    +                   "button[title=\"Saved Projects\"]",
    +                 ],
    +               },
    +               Object {
    +                 "html": "<button class=\"flex-1 py-3 text-xs font-semibold flex items-center justify-center gap-2 transition-colors relative focus:outline-none focus:bg-overlay text-muted hover:text-foreground\" title=\"Custom Templates\">",
    +                 "target": Array [
    +                   "button[title=\"Custom Templates\"]",
    +                 ],
    +               },
    +             ],
    +           },
    +         ],
    +         "failureSummary": "Fix any of the following:
    +   Element has children which are not allowed: button[tabindex]",
    +         "html": "<div class=\"flex border-b border-border shrink-0\" role=\"tablist\">",
    +         "impact": "critical",
    +         "none": Array [],
    +         "target": Array [
    +           "div[role=\"tablist\"]",
    +         ],
    +       },
    +     ],
    +     "tags": Array [
    +       "cat.aria",
    +       "wcag2a",
    +       "wcag131",
    +       "EN-301-549",
    +       "EN-9.1.3.1",
    +       "RGAAv4",
    +       "RGAA-9.3.1",
    +     ],
    +   },
    + ]

      56 |       .analyze();
      57 |     
    > 58 |     expect(results.violations).toEqual([]);
         |                                ^
      59 |   });
      60 |
      61 |   test('color contrast should meet WCAG AA', async ({ page }) => {
        at C:\Users\HP\OneDrive\Desktop\Projects\KIRO\devprompt-studio\e2e\accessibility\wcag-compliance.spec.ts:58:32

    attachment #1: screenshot (image/png) ──────────────────────────────────────────────────────────
    ..\test-results\accessibility-wcag-complia-08e46-oard-navigation-should-work-firefox\test-failed-1.png
    ────────────────────────────────────────────────────────────────────────────────────────────────

    attachment #2: video (video/webm) ──────────────────────────────────────────────────────────────
    ..\test-results\accessibility-wcag-complia-08e46-oard-navigation-should-work-firefox\video-1.webm
    ────────────────────────────────────────────────────────────────────────────────────────────────

    attachment #3: video (video/webm) ──────────────────────────────────────────────────────────────
    ..\test-results\accessibility-wcag-complia-08e46-oard-navigation-should-work-firefox\video.webm
    ────────────────────────────────────────────────────────────────────────────────────────────────

    Error Context: ..\test-results\accessibility-wcag-complia-08e46-oard-navigation-should-work-firefox\error-context.md
]]>
</failure>
<system-out>
<![CDATA[
[[ATTACHMENT|accessibility-wcag-complia-08e46-oard-navigation-should-work-firefox\test-failed-1.png]]

[[ATTACHMENT|accessibility-wcag-complia-08e46-oard-navigation-should-work-firefox\video-1.webm]]

[[ATTACHMENT|accessibility-wcag-complia-08e46-oard-navigation-should-work-firefox\video.webm]]

[[ATTACHMENT|accessibility-wcag-complia-08e46-oard-navigation-should-work-firefox\error-context.md]]
]]>
</system-out>
</testcase>
<testcase name="WCAG 2.1 AA Compliance › color contrast should meet WCAG AA" classname="accessibility\wcag-compliance.spec.ts" time="28.173">
<failure message="wcag-compliance.spec.ts:61:3 color contrast should meet WCAG AA" type="FAILURE">
<![CDATA[  [firefox] › accessibility\wcag-compliance.spec.ts:61:3 › WCAG 2.1 AA Compliance › color contrast should meet WCAG AA 

    Error: expect(received).toEqual(expected) // deep equality

    - Expected  -   1
    + Received  + 454

    - Array []
    + Array [
    +   Object {
    +     "description": "Ensure the contrast between foreground and background colors meets WCAG 2 AA minimum contrast ratio thresholds",
    +     "help": "Elements must meet minimum color contrast ratio thresholds",
    +     "helpUrl": "https://dequeuniversity.com/rules/axe/4.11/color-contrast?application=playwright",
    +     "id": "color-contrast",
    +     "impact": "serious",
    +     "nodes": Array [
    +       Object {
    +         "all": Array [],
    +         "any": Array [
    +           Object {
    +             "data": Object {
    +               "bgColor": "#474d5c",
    +               "contrastRatio": 4.25,
    +               "expectedContrastRatio": "4.5:1",
    +               "fgColor": "#adb9c9",
    +               "fontSize": "9.0pt (12px)",
    +               "fontWeight": "normal",
    +               "messageKey": null,
    +             },
    +             "id": "color-contrast",
    +             "impact": "serious",
    +             "message": "Element has insufficient color contrast of 4.25 (foreground color: #adb9c9, background color: #474d5c, font size: 9.0pt (12px), font weight: normal). Expected contrast ratio of 4.5:1",
    +             "relatedNodes": Array [
    +               Object {
    +                 "html": "<div class=\"bg-slate-900 border border-slate-700 rounded-2xl shadow-2xl max-w-lg w-full overflow-hidden\" style=\"transform: translateY(-1.01131px) scale(1) translateZ(0px);\">",
    +                 "target": Array [
    +                   ".max-w-lg",
    +                 ],
    +               },
    +             ],
    +           },
    +         ],
    +         "failureSummary": "Fix any of the following:
    +   Element has insufficient color contrast of 4.25 (foreground color: #adb9c9, background color: #474d5c, font size: 9.0pt (12px), font weight: normal). Expected contrast ratio of 4.5:1",
    +         "html": "<p class=\"text-slate-400 text-xs mt-1\">Select your target AI tool (Bolt, Cursor, etc.) and domain.</p>",
    +         "impact": "serious",
    +         "none": Array [],
    +         "target": Array [
    +           ".gap-4.flex:nth-child(1) > div:nth-child(2) > .mt-1",
    +         ],
    +       },
    +       Object {
    +         "all": Array [],
    +         "any": Array [
    +           Object {
    +             "data": Object {
    +               "bgColor": "#474d5c",
    +               "contrastRatio": 4.25,
    +               "expectedContrastRatio": "4.5:1",
    +               "fgColor": "#adb9c9",
    +               "fontSize": "9.0pt (12px)",
    +               "fontWeight": "normal",
    +               "messageKey": null,
    +             },
    +             "id": "color-contrast",
    +             "impact": "serious",
    +             "message": "Element has insufficient color contrast of 4.25 (foreground color: #adb9c9, background color: #474d5c, font size: 9.0pt (12px), font weight: normal). Expected contrast ratio of 4.5:1",
    +             "relatedNodes": Array [
    +               Object {
    +                 "html": "<div class=\"bg-slate-900 border border-slate-700 rounded-2xl shadow-2xl max-w-lg w-full overflow-hidden\" style=\"transform: translateY(-1.01131px) scale(1) translateZ(0px);\">",
    +                 "target": Array [
    +                   ".max-w-lg",
    +                 ],
    +               },
    +             ],
    +           },
    +         ],
    +         "failureSummary": "Fix any of the following:
    +   Element has insufficient color contrast of 4.25 (foreground color: #adb9c9, background color: #474d5c, font size: 9.0pt (12px), font weight: normal). Expected contrast ratio of 4.5:1",
    +         "html": "<p class=\"text-slate-400 text-xs mt-1\">Describe your idea roughly. We handle the structure.</p>",
    +         "impact": "serious",
    +         "none": Array [],
    +         "target": Array [
    +           ".gap-4.flex:nth-child(2) > div:nth-child(2) > .mt-1",
    +         ],
    +       },
    +       Object {
    +         "all": Array [],
    +         "any": Array [
    +           Object {
    +             "data": Object {
    +               "bgColor": "#474d5c",
    +               "contrastRatio": 4.25,
    +               "expectedContrastRatio": "4.5:1",
    +               "fgColor": "#adb9c9",
    +               "fontSize": "9.0pt (12px)",
    +               "fontWeight": "normal",
    +               "messageKey": null,
    +             },
    +             "id": "color-contrast",
    +             "impact": "serious",
    +             "message": "Element has insufficient color contrast of 4.25 (foreground color: #adb9c9, background color: #474d5c, font size: 9.0pt (12px), font weight: normal). Expected contrast ratio of 4.5:1",
    +             "relatedNodes": Array [
    +               Object {
    +                 "html": "<div class=\"bg-slate-900 border border-slate-700 rounded-2xl shadow-2xl max-w-lg w-full overflow-hidden\" style=\"transform: translateY(-1.01131px) scale(1) translateZ(0px);\">",
    +                 "target": Array [
    +                   ".max-w-lg",
    +                 ],
    +               },
    +             ],
    +           },
    +         ],
    +         "failureSummary": "Fix any of the following:
    +   Element has insufficient color contrast of 4.25 (foreground color: #adb9c9, background color: #474d5c, font size: 9.0pt (12px), font weight: normal). Expected contrast ratio of 4.5:1",
    +         "html": "<p class=\"text-slate-400 text-xs mt-1\">Get a polished, optimized specification in seconds.</p>",
    +         "impact": "serious",
    +         "none": Array [],
    +         "target": Array [
    +           ".gap-4.flex:nth-child(3) > div:nth-child(2) > .mt-1",
    +         ],
    +       },
    +       Object {
    +         "all": Array [],
    +         "any": Array [
    +           Object {
    +             "data": Object {
    +               "bgColor": "#464c5b",
    +               "contrastRatio": 4.22,
    +               "expectedContrastRatio": "4.5:1",
    +               "fgColor": "#abb7c8",
    +               "fontSize": "9.0pt (12px)",
    +               "fontWeight": "normal",
    +               "messageKey": null,
    +             },
    +             "id": "color-contrast",
    +             "impact": "serious",
    +             "message": "Element has insufficient color contrast of 4.22 (foreground color: #abb7c8, background color: #464c5b, font size: 9.0pt (12px), font weight: normal). Expected contrast ratio of 4.5:1",
    +             "relatedNodes": Array [
    +               Object {
    +                 "html": "<div class=\"bg-slate-900 border border-slate-700 rounded-2xl shadow-2xl max-w-lg w-full overflow-hidden\" style=\"transform: translateY(-1.01131px) scale(1) translateZ(0px);\">",
    +                 "target": Array [
    +                   ".max-w-lg",
    +                 ],
    +               },
    +             ],
    +           },
    +         ],
    +         "failureSummary": "Fix any of the following:
    +   Element has insufficient color contrast of 4.22 (foreground color: #abb7c8, background color: #464c5b, font size: 9.0pt (12px), font weight: normal). Expected contrast ratio of 4.5:1",
    +         "html": "<label for=\"onboarding-email\" class=\"block text-xs font-medium text-slate-400 uppercase mb-2\">Your Email <span class=\"text-red-400\">*</span></label>",
    +         "impact": "serious",
    +         "none": Array [],
    +         "target": Array [
    +           "label[for=\"onboarding-email\"]",
    +         ],
    +       },
    +       Object {
    +         "all": Array [],
    +         "any": Array [
    +           Object {
    +             "data": Object {
    +               "bgColor": "#7871eb",
    +               "contrastRatio": 3.91,
    +               "expectedContrastRatio": "4.5:1",
    +               "fgColor": "#ffffff",
    +               "fontSize": "10.5pt (14px)",
    +               "fontWeight": "bold",
    +               "messageKey": null,
    +             },
    +             "id": "color-contrast",
    +             "impact": "serious",
    +             "message": "Element has insufficient color contrast of 3.91 (foreground color: #ffffff, background color: #7871eb, font size: 10.5pt (14px), font weight: bold). Expected contrast ratio of 4.5:1",
    +             "relatedNodes": Array [
    +               Object {
    +                 "html": "<button class=\"w-full flex items-center justify-center gap-2 bg-indigo-600 hover:bg-indigo-500 text-white font-bold py-3 rounded-xl transition-all shadow-lg shadow-indigo-900/20 disabled:opacity-50\">",
    +                 "target": Array [
    +                   ".p-8:nth-child(2) > .gap-3.flex-col.flex > .shadow-indigo-900\\/20.bg-indigo-600.hover\\:bg-indigo-500",
    +                 ],
    +               },
    +             ],
    +           },
    +         ],
    +         "failureSummary": "Fix any of the following:
    +   Element has insufficient color contrast of 3.91 (foreground color: #ffffff, background color: #7871eb, font size: 10.5pt (14px), font weight: bold). Expected contrast ratio of 4.5:1",
    +         "html": "<button class=\"w-full flex items-center justify-center gap-2 bg-indigo-600 hover:bg-indigo-500 text-white font-bold py-3 rounded-xl transition-all shadow-lg shadow-indigo-900/20 disabled:opacity-50\">",
    +         "impact": "serious",
    +         "none": Array [],
    +         "target": Array [
    +           ".p-8:nth-child(2) > .gap-3.flex-col.flex > .shadow-indigo-900\\/20.bg-indigo-600.hover\\:bg-indigo-500",
    +         ],
    +       },
    +       Object {
    +         "all": Array [],
    +         "any": Array [
    +           Object {
    +             "data": Object {
    +               "bgColor": "#474d5c",
    +               "contrastRatio": 2.77,
    +               "expectedContrastRatio": "4.5:1",
    +               "fgColor": "#8895a6",
    +               "fontSize": "9.0pt (12px)",
    +               "fontWeight": "normal",
    +               "messageKey": null,
    +             },
    +             "id": "color-contrast",
    +             "impact": "serious",
    +             "message": "Element has insufficient color contrast of 2.77 (foreground color: #8895a6, background color: #474d5c, font size: 9.0pt (12px), font weight: normal). Expected contrast ratio of 4.5:1",
    +             "relatedNodes": Array [
    +               Object {
    +                 "html": "<div class=\"bg-slate-900 border border-slate-700 rounded-2xl shadow-2xl max-w-lg w-full overflow-hidden\" style=\"transform: translateY(-1.01131px) scale(1) translateZ(0px);\">",
    +                 "target": Array [
    +                   ".max-w-lg",
    +                 ],
    +               },
    +             ],
    +           },
    +         ],
    +         "failureSummary": "Fix any of the following:
    +   Element has insufficient color contrast of 2.77 (foreground color: #8895a6, background color: #474d5c, font size: 9.0pt (12px), font weight: normal). Expected contrast ratio of 4.5:1",
    +         "html": "<button class=\"w-full text-slate-500 hover:text-slate-300 text-xs font-medium py-2\">Skip intro and start building</button>",
    +         "impact": "serious",
    +         "none": Array [],
    +         "target": Array [
    +           ".hover\\:text-slate-300.text-slate-500.py-2",
    +         ],
    +       },
    +       Object {
    +         "all": Array [],
    +         "any": Array [
    +           Object {
    +             "data": Object {
    +               "bgColor": "#ffffff",
    +               "contrastRatio": 2.54,
    +               "expectedContrastRatio": "3:1",
    +               "fgColor": "#60a5fa",
    +               "fontSize": "15.0pt (20px)",
    +               "fontWeight": "bold",
    +               "messageKey": null,
    +             },
    +             "id": "color-contrast",
    +             "impact": "serious",
    +             "message": "Element has insufficient color contrast of 2.54 (foreground color: #60a5fa, background color: #ffffff, font size: 15.0pt (20px), font weight: bold). Expected contrast ratio of 3:1",
    +             "relatedNodes": Array [
    +               Object {
    +                 "html": "<header class=\"border-b border-border bg-background/80 backdrop-blur-md sticky top-0 z-50 shadow-sm transition-colors\" role=\"banner\">",
    +                 "target": Array [
    +                   "header",
    +                 ],
    +               },
    +               Object {
    +                 "html": "<div class=\"min-h-screen bg-background text-foreground flex flex-col font-sans selection:bg-accent-primary/30 transition-colors\">",
    +                 "target": Array [
    +                   ".min-h-screen",
    +                 ],
    +               },
    +             ],
    +           },
    +         ],
    +         "failureSummary": "Fix any of the following:
    +   Element has insufficient color contrast of 2.54 (foreground color: #60a5fa, background color: #ffffff, font size: 15.0pt (20px), font weight: bold). Expected contrast ratio of 3:1",
    +         "html": "<span class=\"text-blue-400\">Studio</span>",
    +         "impact": "serious",
    +         "none": Array [],
    +         "target": Array [
    +           "#app-title > .text-blue-400",
    +         ],
    +       },
    +       Object {
    +         "all": Array [],
    +         "any": Array [
    +           Object {
    +             "data": Object {
    +               "bgColor": "#334155",
    +               "contrastRatio": 4.03,
    +               "expectedContrastRatio": "4.5:1",
    +               "fgColor": "#94a3b8",
    +               "fontSize": "10.5pt (14px)",
    +               "fontWeight": "normal",
    +               "messageKey": null,
    +             },
    +             "id": "color-contrast",
    +             "impact": "serious",
    +             "message": "Element has insufficient color contrast of 4.03 (foreground color: #94a3b8, background color: #334155, font size: 10.5pt (14px), font weight: normal). Expected contrast ratio of 4.5:1",
    +             "relatedNodes": Array [
    +               Object {
    +                 "html": "<button class=\"flex items-center gap-2 px-3 py-2 rounded-lg text-sm transition-colors bg-slate-700 text-slate-400 border border-slate-600\" title=\"Cloud sync disabled\">",
    +                 "target": Array [
    +                   "button[title=\"Cloud sync disabled\"]",
    +                 ],
    +               },
    +             ],
    +           },
    +         ],
    +         "failureSummary": "Fix any of the following:
    +   Element has insufficient color contrast of 4.03 (foreground color: #94a3b8, background color: #334155, font size: 10.5pt (14px), font weight: normal). Expected contrast ratio of 4.5:1",
    +         "html": "<span class=\"hidden sm:inline\">Local only</span>",
    +         "impact": "serious",
    +         "none": Array [],
    +         "target": Array [
    +           "button[title=\"Cloud sync disabled\"] > .sm\\:inline.hidden",
    +         ],
    +       },
    +       Object {
    +         "all": Array [],
    +         "any": Array [
    +           Object {
    +             "data": Object {
    +               "bgColor": "#e6d2d2",
    +               "contrastRatio": 1.31,
    +               "expectedContrastRatio": "4.5:1",
    +               "fgColor": "#fca5a5",
    +               "fontSize": "9.0pt (12px)",
    +               "fontWeight": "normal",
    +               "messageKey": null,
    +             },
    +             "id": "color-contrast",
    +             "impact": "serious",
    +             "message": "Element has insufficient color contrast of 1.31 (foreground color: #fca5a5, background color: #e6d2d2, font size: 9.0pt (12px), font weight: normal). Expected contrast ratio of 4.5:1",
    +             "relatedNodes": Array [
    +               Object {
    +                 "html": "<button class=\"flex items-center ga...\" aria-label=\"Logout\" title=\"Logout\">",
    +                 "target": Array [
    +                   ".text-red-300",
    +                 ],
    +               },
    +               Object {
    +                 "html": "<header class=\"border-b border-border bg-background/80 backdrop-blur-md sticky top-0 z-50 shadow-sm transition-colors\" role=\"banner\">",
    +                 "target": Array [
    +                   "header",
    +                 ],
    +               },
    +               Object {
    +                 "html": "<div class=\"min-h-screen bg-background text-foreground flex flex-col font-sans selection:bg-accent-primary/30 transition-colors\">",
    +                 "target": Array [
    +                   ".min-h-screen",
    +                 ],
    +               },
    +             ],
    +           },
    +         ],
    +         "failureSummary": "Fix any of the following:
    +   Element has insufficient color contrast of 1.31 (foreground color: #fca5a5, background color: #e6d2d2, font size: 9.0pt (12px), font weight: normal). Expected contrast ratio of 4.5:1",
    +         "html": "<span class=\"hidden sm:inline\">Logout</span>",
    +         "impact": "serious",
    +         "none": Array [],
    +         "target": Array [
    +           ".text-red-300 > .sm\\:inline.hidden",
    +         ],
    +       },
    +       Object {
    +         "all": Array [],
    +         "any": Array [
    +           Object {
    +             "data": Object {
    +               "bgColor": "#f0f2ff",
    +               "contrastRatio": 4.16,
    +               "expectedContrastRatio": "4.5:1",
    +               "fgColor": "#5b5fff",
    +               "fontSize": "9.0pt (12px)",
    +               "fontWeight": "normal",
    +               "messageKey": null,
    +             },
    +             "id": "color-contrast",
    +             "impact": "serious",
    +             "message": "Element has insufficient color contrast of 4.16 (foreground color: #5b5fff, background color: #f0f2ff, font size: 9.0pt (12px), font weight: normal). Expected contrast ratio of 4.5:1",
    +             "relatedNodes": Array [
    +               Object {
    +                 "html": "<button class=\"flex items-center ga...\">",
    +                 "target": Array [
    +                   ".hover\\:text-accent-primary-hover",
    +                 ],
    +               },
    +             ],
    +           },
    +         ],
    +         "failureSummary": "Fix any of the following:
    +   Element has insufficient color contrast of 4.16 (foreground color: #5b5fff, background color: #f0f2ff, font size: 9.0pt (12px), font weight: normal). Expected contrast ratio of 4.5:1",
    +         "html": "<span class=\"hidden sm:inline\">Examples</span>",
    +         "impact": "serious",
    +         "none": Array [],
    +         "target": Array [
    +           ".hover\\:text-accent-primary-hover > .sm\\:inline.hidden",
    +         ],
    +       },
    +       Object {
    +         "all": Array [],
    +         "any": Array [
    +           Object {
    +             "data": Object {
    +               "bgColor": "#ffffff",
    +               "contrastRatio": 2.98,
    +               "expectedContrastRatio": "4.5:1",
    +               "fgColor": "#818cf8",
    +               "fontSize": "7.5pt (10px)",
    +               "fontWeight": "bold",
    +               "messageKey": null,
    +             },
    +             "id": "color-contrast",
    +             "impact": "serious",
    +             "message": "Element has insufficient color contrast of 2.98 (foreground color: #818cf8, background color: #ffffff, font size: 7.5pt (10px), font weight: bold). Expected contrast ratio of 4.5:1",
    +             "relatedNodes": Array [],
    +           },
    +         ],
    +         "failureSummary": "Fix any of the following:
    +   Element has insufficient color contrast of 2.98 (foreground color: #818cf8, background color: #ffffff, font size: 7.5pt (10px), font weight: bold). Expected contrast ratio of 4.5:1",
    +         "html": "<div class=\"text-[10px] font-bold text-indigo-400 flex items-center gap-1 mr-1\" aria-hidden=\"true\">",
    +         "impact": "serious",
    +         "none": Array [],
    +         "target": Array [
    +           ".mr-1",
    +         ],
    +       },
    +       Object {
    +         "all": Array [],
    +         "any": Array [
    +           Object {
    +             "data": Object {
    +               "bgColor": "#f8f9fb",
    +               "contrastRatio": 1.17,
    +               "expectedContrastRatio": "4.5:1",
    +               "fgColor": "#e2e8f0",
    +               "fontSize": "10.5pt (14px)",
    +               "fontWeight": "normal",
    +               "messageKey": null,
    +             },
    +             "id": "color-contrast",
    +             "impact": "serious",
    +             "message": "Element has insufficient color contrast of 1.17 (foreground color: #e2e8f0, background color: #f8f9fb, font size: 10.5pt (14px), font weight: normal). Expected contrast ratio of 4.5:1",
    +             "relatedNodes": Array [
    +               Object {
    +                 "html": "<div class=\"h-full flex flex-col bg-elevated\">",
    +                 "target": Array [
    +                   ".shadow-lg.rounded-xl.bg-elevated > .bg-elevated.h-full.flex-col",
    +                 ],
    +               },
    +             ],
    +           },
    +         ],
    +         "failureSummary": "Fix any of the following:
    +   Element has insufficient color contrast of 1.17 (foreground color: #e2e8f0, background color: #f8f9fb, font size: 10.5pt (14px), font weight: normal). Expected contrast ratio of 4.5:1",
    +         "html": "<h3 class=\"text-sm font-semibold text-slate-200 mb-2\">Your prompt history will appear here</h3>",
    +         "impact": "serious",
    +         "none": Array [],
    +         "target": Array [
    +           ".py-10 > h3",
    +         ],
    +       },
    +     ],
    +     "tags": Array [
    +       "cat.color",
    +       "wcag2aa",
    +       "wcag143",
    +       "TTv5",
    +       "TT13.c",
    +       "EN-301-549",
    +       "EN-9.1.4.3",
    +       "ACT",
    +       "RGAAv4",
    +       "RGAA-3.2.1",
    +     ],
    +   },
    + ]

      68 |     
      69 |     const contrastViolations = results.violations.filter(v => v.id === 'color-contrast');
    > 70 |     expect(contrastViolations).toEqual([]);
         |                                ^
      71 |   });
      72 |
      73 |   test('images should have alt text', async ({ page }) => {
        at C:\Users\HP\OneDrive\Desktop\Projects\KIRO\devprompt-studio\e2e\accessibility\wcag-compliance.spec.ts:70:32

    attachment #1: screenshot (image/png) ──────────────────────────────────────────────────────────
    ..\test-results\accessibility-wcag-complia-03a46-ontrast-should-meet-WCAG-AA-firefox\test-failed-1.png
    ────────────────────────────────────────────────────────────────────────────────────────────────

    attachment #2: video (video/webm) ──────────────────────────────────────────────────────────────
    ..\test-results\accessibility-wcag-complia-03a46-ontrast-should-meet-WCAG-AA-firefox\video-1.webm
    ────────────────────────────────────────────────────────────────────────────────────────────────

    attachment #3: video (video/webm) ──────────────────────────────────────────────────────────────
    ..\test-results\accessibility-wcag-complia-03a46-ontrast-should-meet-WCAG-AA-firefox\video.webm
    ────────────────────────────────────────────────────────────────────────────────────────────────

    Error Context: ..\test-results\accessibility-wcag-complia-03a46-ontrast-should-meet-WCAG-AA-firefox\error-context.md
]]>
</failure>
<system-out>
<![CDATA[
[[ATTACHMENT|accessibility-wcag-complia-03a46-ontrast-should-meet-WCAG-AA-firefox\test-failed-1.png]]

[[ATTACHMENT|accessibility-wcag-complia-03a46-ontrast-should-meet-WCAG-AA-firefox\video-1.webm]]

[[ATTACHMENT|accessibility-wcag-complia-03a46-ontrast-should-meet-WCAG-AA-firefox\video.webm]]

[[ATTACHMENT|accessibility-wcag-complia-03a46-ontrast-should-meet-WCAG-AA-firefox\error-context.md]]
]]>
</system-out>
</testcase>
<testcase name="WCAG 2.1 AA Compliance › images should have alt text" classname="accessibility\wcag-compliance.spec.ts" time="24.344">
</testcase>
<testcase name="WCAG 2.1 AA Compliance › form labels should be associated" classname="accessibility\wcag-compliance.spec.ts" time="26.036">
<failure message="wcag-compliance.spec.ts:83:3 form labels should be associated" type="FAILURE">
<![CDATA[  [firefox] › accessibility\wcag-compliance.spec.ts:83:3 › WCAG 2.1 AA Compliance › form labels should be associated 

    Error: expect(received).toEqual(expected) // deep equality

    - Expected  -  1
    + Received  + 35

    - Array []
    + Array [
    +   Object {
    +     "description": "Ensure that every form element has a visible label and is not solely labeled using hidden labels, or the title or aria-describedby attributes",
    +     "help": "Form elements should have a visible label",
    +     "helpUrl": "https://dequeuniversity.com/rules/axe/4.11/label-title-only?application=playwright",
    +     "id": "label-title-only",
    +     "impact": "serious",
    +     "nodes": Array [
    +       Object {
    +         "all": Array [],
    +         "any": Array [],
    +         "failureSummary": "Fix all of the following:
    +   Only title used to generate label for form element",
    +         "html": "<select class=\"text-xs bg-background border border-border rounded-lg px-2 py-1.5 text-foreground focus:ring-2 focus:ring-accent-primary outline-none\" title=\"Select AI Provider\">",
    +         "impact": "serious",
    +         "none": Array [
    +           Object {
    +             "data": null,
    +             "id": "title-only",
    +             "impact": "serious",
    +             "message": "Only title used to generate label for form element",
    +             "relatedNodes": Array [],
    +           },
    +         ],
    +         "target": Array [
    +           "select[title=\"Select AI Provider\"]",
    +         ],
    +       },
    +     ],
    +     "tags": Array [
    +       "cat.forms",
    +       "best-practice",
    +     ],
    +   },
    + ]

      88 |       .analyze();
      89 |     
    > 90 |     expect(results.violations).toEqual([]);
         |                                ^
      91 |   });
      92 |
      93 |   test('headings should be in order', async ({ page }) => {
        at C:\Users\HP\OneDrive\Desktop\Projects\KIRO\devprompt-studio\e2e\accessibility\wcag-compliance.spec.ts:90:32

    attachment #1: screenshot (image/png) ──────────────────────────────────────────────────────────
    ..\test-results\accessibility-wcag-complia-ecaa1-labels-should-be-associated-firefox\test-failed-1.png
    ────────────────────────────────────────────────────────────────────────────────────────────────

    attachment #2: video (video/webm) ──────────────────────────────────────────────────────────────
    ..\test-results\accessibility-wcag-complia-ecaa1-labels-should-be-associated-firefox\video-1.webm
    ────────────────────────────────────────────────────────────────────────────────────────────────

    attachment #3: video (video/webm) ──────────────────────────────────────────────────────────────
    ..\test-results\accessibility-wcag-complia-ecaa1-labels-should-be-associated-firefox\video.webm
    ────────────────────────────────────────────────────────────────────────────────────────────────

    Error Context: ..\test-results\accessibility-wcag-complia-ecaa1-labels-should-be-associated-firefox\error-context.md
]]>
</failure>
<system-out>
<![CDATA[
[[ATTACHMENT|accessibility-wcag-complia-ecaa1-labels-should-be-associated-firefox\test-failed-1.png]]

[[ATTACHMENT|accessibility-wcag-complia-ecaa1-labels-should-be-associated-firefox\video-1.webm]]

[[ATTACHMENT|accessibility-wcag-complia-ecaa1-labels-should-be-associated-firefox\video.webm]]

[[ATTACHMENT|accessibility-wcag-complia-ecaa1-labels-should-be-associated-firefox\error-context.md]]
]]>
</system-out>
</testcase>
<testcase name="WCAG 2.1 AA Compliance › headings should be in order" classname="accessibility\wcag-compliance.spec.ts" time="25.524">
</testcase>
<testcase name="WCAG 2.1 AA Compliance › ARIA attributes should be valid" classname="accessibility\wcag-compliance.spec.ts" time="11.58">
</testcase>
<testcase name="WCAG 2.1 AA Compliance › page should have lang attribute" classname="accessibility\wcag-compliance.spec.ts" time="16.017">
</testcase>
</testsuite>
<testsuite name="accessibility\wcag-compliance.spec.ts" timestamp="2025-12-08T10:32:13.616Z" hostname="webkit" tests="10" failures="2" skipped="0" time="111.631" errors="0">
<testcase name="WCAG 2.1 AA Compliance › homepage should not have accessibility violations" classname="accessibility\wcag-compliance.spec.ts" time="16.254">
<failure message="wcag-compliance.spec.ts:5:3 homepage should not have accessibility violations" type="FAILURE">
<![CDATA[  [webkit] › accessibility\wcag-compliance.spec.ts:5:3 › WCAG 2.1 AA Compliance › homepage should not have accessibility violations 

    Error: expect(received).toEqual(expected) // deep equality

    - Expected  -   1
    + Received  + 146

    - Array []
    + Array [
    +   Object {
    +     "description": "Ensure the contrast between foreground and background colors meets WCAG 2 AA minimum contrast ratio thresholds",
    +     "help": "Elements must meet minimum color contrast ratio thresholds",
    +     "helpUrl": "https://dequeuniversity.com/rules/axe/4.11/color-contrast?application=playwright",
    +     "id": "color-contrast",
    +     "impact": "serious",
    +     "nodes": Array [
    +       Object {
    +         "all": Array [],
    +         "any": Array [
    +           Object {
    +             "data": Object {
    +               "bgColor": "#ffffff",
[...]
    +                 ],
    +               },
    +             ],
    +           },
    +         ],
    +         "failureSummary": "Fix any of the following:
    +   Element has insufficient color contrast of 1.31 (foreground color: #fca5a5, background color: #e6d2d2, font size: 9.0pt (12px), font weight: normal). Expected contrast ratio of 4.5:1",
    +         "html": "<span class=\"hidden sm:inline\">Logout</span>",
    +         "impact": "serious",
    +         "none": Array [],
    +         "target": Array [
    +           ".text-red-300 > .sm\\:inline.hidden",
    +         ],
    +       },
    +       Object {
    +         "all": Array [],
    +         "any": Array [
    +           Object {
    +             "data": Object {
    +               "bgColor": "#f8f9fb",
    +               "contrastRatio": 1.17,
    +               "expectedContrastRatio": "4.5:1",
    +               "fgColor": "#e2e8f0",
    +               "fontSize": "10.5pt (14px)",
    +               "fontWeight": "normal",
    +               "messageKey": null,
    +             },
    +             "id": "color-contrast",
    +             "impact": "serious",
    +             "message": "Element has insufficient color contrast of 1.17 (foreground color: #e2e8f0, background color: #f8f9fb, font size: 10.5pt (14px), font weight: normal). Expected contrast ratio of 4.5:1",
    +             "relatedNodes": Array [
    +               Object {
    +                 "html": "<div class=\"h-full flex flex-col bg-elevated\">",
    +                 "target": Array [
    +                   ".rounded-xl.shadow-lg.bg-elevated > .bg-elevated.h-full.flex-col",
    +                 ],
    +               },
    +             ],
    +           },
    +         ],
    +         "failureSummary": "Fix any of the following:
    +   Element has insufficient color contrast of 1.17 (foreground color: #e2e8f0, background color: #f8f9fb, font size: 10.5pt (14px), font weight: normal). Expected contrast ratio of 4.5:1",
    +         "html": "<h3 class=\"text-sm font-semibold text-slate-200 mb-2\">Your prompt history will appear here</h3>",
    +         "impact": "serious",
    +         "none": Array [],
    +         "target": Array [
    +           ".py-10 > h3",
    +         ],
    +       },
    +     ],
    +     "tags": Array [
    +       "cat.color",
    +       "wcag2aa",
    +       "wcag143",
    +       "TTv5",
    +       "TT13.c",
    +       "EN-301-549",
    +       "EN-9.1.4.3",
    +       "ACT",
    +       "RGAAv4",
    +       "RGAA-3.2.1",
    +     ],
    +   },
    + ]

      11 |       .analyze();
      12 |     
    > 13 |     expect(results.violations).toEqual([]);
         |                                ^
      14 |   });
      15 |
      16 |   test('prompt input area should be accessible', async ({ page }) => {
        at C:\Users\HP\OneDrive\Desktop\Projects\KIRO\devprompt-studio\e2e\accessibility\wcag-compliance.spec.ts:13:32

    attachment #1: screenshot (image/png) ──────────────────────────────────────────────────────────
    ..\test-results\accessibility-wcag-complia-20b01-ve-accessibility-violations-ipad\test-failed-1.png
    ────────────────────────────────────────────────────────────────────────────────────────────────

    attachment #2: video (video/webm) ──────────────────────────────────────────────────────────────
    ..\test-results\accessibility-wcag-complia-20b01-ve-accessibility-violations-ipad\video-1.webm
    ────────────────────────────────────────────────────────────────────────────────────────────────

    attachment #3: video (video/webm) ──────────────────────────────────────────────────────────────
    ..\test-results\accessibility-wcag-complia-20b01-ve-accessibility-violations-ipad\video.webm
    ────────────────────────────────────────────────────────────────────────────────────────────────

    Error Context: ..\test-results\accessibility-wcag-complia-20b01-ve-accessibility-violations-ipad\error-context.md
]]>
</failure>
<system-out>
<![CDATA[
[[ATTACHMENT|accessibility-wcag-complia-20b01-ve-accessibility-violations-ipad\test-failed-1.png]]

[[ATTACHMENT|accessibility-wcag-complia-20b01-ve-accessibility-violations-ipad\video-1.webm]]

[[ATTACHMENT|accessibility-wcag-complia-20b01-ve-accessibility-violations-ipad\video.webm]]

[[ATTACHMENT|accessibility-wcag-complia-20b01-ve-accessibility-violations-ipad\error-context.md]]
]]>
</system-out>
</testcase>
<testcase name="WCAG 2.1 AA Compliance › prompt input area should be accessible" classname="accessibility\wcag-compliance.spec.ts" time="6.287">
</testcase>
<testcase name="WCAG 2.1 AA Compliance › modals should be accessible" classname="accessibility\wcag-compliance.spec.ts" time="5.506">
</testcase>
<testcase name="WCAG 2.1 AA Compliance › keyboard navigation should work" classname="accessibility\wcag-compliance.spec.ts" time="9.548">
<failure message="wcag-compliance.spec.ts:44:3 keyboard navigation should work" type="FAILURE">
<![CDATA[  [ipad] › accessibility\wcag-compliance.spec.ts:44:3 › WCAG 2.1 AA Compliance › keyboard navigation should work 

    Error: expect(received).toEqual(expected) // deep equality

    - Expected  -  1
    + Received  + 62

    - Array []
    + Array [
    +   Object {
    +     "description": "Ensure elements with an ARIA role that require child roles contain them",
    +     "help": "Certain ARIA roles must contain particular children",
    +     "helpUrl": "https://dequeuniversity.com/rules/axe/4.11/aria-required-children?application=playwright",
    +     "id": "aria-required-children",
    +     "impact": "critical",
    +     "nodes": Array [
    +       Object {
    +         "all": Array [],
    +         "any": Array [
    +           Object {
    +             "data": Object {
    +               "messageKey": "unallowed",
    +               "values": "button[tabindex]",
    +             },
    +             "id": "aria-required-children",
    +             "impact": "critical",
    +             "message": "Element has children which are not allowed: button[tabindex]",
    +             "relatedNodes": Array [
    +               Object {
    +                 "html": "<button class=\"flex-1 py-3 text-xs font-semibold flex items-center justify-center gap-2 transition-colors relative focus:outline-none focus:bg-overlay text-accent-primary\" title=\"Recent History\">",
    +                 "target": Array [
    +                   "button[title=\"Recent History\"]",
    +                 ],
    +               },
    +               Object {
    +                 "html": "<button class=\"flex-1 py-3 text-xs font-semibold flex items-center justify-center gap-2 transition-colors relative focus:outline-none focus:bg-overlay text-muted hover:text-foreground\" title=\"Saved Projects\">",
    +                 "target": Array [
    +                   "button[title=\"Saved Projects\"]",
    +                 ],
    +               },
    +               Object {
    +                 "html": "<button class=\"flex-1 py-3 text-xs font-semibold flex items-center justify-center gap-2 transition-colors relative focus:outline-none focus:bg-overlay text-muted hover:text-foreground\" title=\"Custom Templates\">",
    +                 "target": Array [
    +                   "button[title=\"Custom Templates\"]",
    +                 ],
    +               },
    +             ],
    +           },
    +         ],
    +         "failureSummary": "Fix any of the following:
    +   Element has children which are not allowed: button[tabindex]",
    +         "html": "<div class=\"flex border-b border-border shrink-0\" role=\"tablist\">",
    +         "impact": "critical",
    +         "none": Array [],
    +         "target": Array [
    +           "div[role=\"tablist\"]",
    +         ],
    +       },
    +     ],
    +     "tags": Array [
    +       "cat.aria",
    +       "wcag2a",
    +       "wcag131",
    +       "EN-301-549",
    +       "EN-9.1.3.1",
    +       "RGAAv4",
    +       "RGAA-9.3.1",
    +     ],
    +   },
    + ]

      56 |       .analyze();
      57 |     
    > 58 |     expect(results.violations).toEqual([]);
         |                                ^
      59 |   });
      60 |
      61 |   test('color contrast should meet WCAG AA', async ({ page }) => {
        at C:\Users\HP\OneDrive\Desktop\Projects\KIRO\devprompt-studio\e2e\accessibility\wcag-compliance.spec.ts:58:32

    attachment #1: screenshot (image/png) ──────────────────────────────────────────────────────────
    ..\test-results\accessibility-wcag-complia-08e46-oard-navigation-should-work-ipad\test-failed-1.png
    ────────────────────────────────────────────────────────────────────────────────────────────────

    attachment #2: video (video/webm) ──────────────────────────────────────────────────────────────
    ..\test-results\accessibility-wcag-complia-08e46-oard-navigation-should-work-ipad\video.webm
    ────────────────────────────────────────────────────────────────────────────────────────────────

    attachment #3: video (video/webm) ──────────────────────────────────────────────────────────────
    ..\test-results\accessibility-wcag-complia-08e46-oard-navigation-should-work-ipad\video-1.webm
    ────────────────────────────────────────────────────────────────────────────────────────────────

    Error Context: ..\test-results\accessibility-wcag-complia-08e46-oard-navigation-should-work-ipad\error-context.md
]]>
</failure>
<system-out>
<![CDATA[
[[ATTACHMENT|accessibility-wcag-complia-08e46-oard-navigation-should-work-ipad\test-failed-1.png]]

[[ATTACHMENT|accessibility-wcag-complia-08e46-oard-navigation-should-work-ipad\video.webm]]

[[ATTACHMENT|accessibility-wcag-complia-08e46-oard-navigation-should-work-ipad\video-1.webm]]

[[ATTACHMENT|accessibility-wcag-complia-08e46-oard-navigation-should-work-ipad\error-context.md]]
]]>
</system-out>
</testcase>
<testcase name="WCAG 2.1 AA Compliance › color contrast should meet WCAG AA" classname="accessibility\wcag-compliance.spec.ts" time="9.402">
<failure message="wcag-compliance.spec.ts:61:3 color contrast should meet WCAG AA" type="FAILURE">
<![CDATA[  [ipad] › accessibility\wcag-compliance.spec.ts:61:3 › WCAG 2.1 AA Compliance › color contrast should meet WCAG AA 

    Error: expect(received).toEqual(expected) // deep equality

    - Expected  -   1
    + Received  + 146

    - Array []
    + Array [
    +   Object {
    +     "description": "Ensure the contrast between foreground and background colors meets WCAG 2 AA minimum contrast ratio thresholds",
    +     "help": "Elements must meet minimum color contrast ratio thresholds",
    +     "helpUrl": "https://dequeuniversity.com/rules/axe/4.11/color-contrast?application=playwright",
    +     "id": "color-contrast",
    +     "impact": "serious",
    +     "nodes": Array [
    +       Object {
    +         "all": Array [],
    +         "any": Array [
    +           Object {
    +             "data": Object {
    +               "bgColor": "#ffffff",
    +               "contrastRatio": 2.54,
    +               "expectedContrastRatio": "3:1",
    +               "fgColor": "#60a5fa",
    +               "fontSize": "15.0pt (20px)",
    +               "fontWeight": "bold",
    +               "messageKey": null,
    +             },
    +             "id": "color-contrast",
    +             "impact": "serious",
    +             "message": "Element has insufficient color contrast of 2.54 (foreground color: #60a5fa, background color: #ffffff, font size: 15.0pt (20px), font weight: bold). Expected contrast ratio of 3:1",
    +             "relatedNodes": Array [
    +               Object {
    +                 "html": "<header class=\"border-b border-border bg-background/80 backdrop-blur-md sticky top-0 z-50 shadow-sm transition-colors\" role=\"banner\">",
    +                 "target": Array [
    +                   "header",
    +                 ],
    +               },
    +               Object {
    +                 "html": "<div class=\"min-h-screen bg-background text-foreground flex flex-col font-sans selection:bg-accent-primary/30 transition-colors\">",
    +                 "target": Array [
    +                   ".min-h-screen",
    +                 ],
    +               },
    +             ],
    +           },
    +         ],
    +         "failureSummary": "Fix any of the following:
    +   Element has insufficient color contrast of 2.54 (foreground color: #60a5fa, background color: #ffffff, font size: 15.0pt (20px), font weight: bold). Expected contrast ratio of 3:1",
    +         "html": "<span class=\"text-blue-400\">Studio</span>",
    +         "impact": "serious",
    +         "none": Array [],
    +         "target": Array [
    +           ".text-blue-400",
    +         ],
    +       },
    +       Object {
    +         "all": Array [],
    +         "any": Array [
    +           Object {
    +             "data": Object {
    +               "bgColor": "#334155",
    +               "contrastRatio": 4.03,
    +               "expectedContrastRatio": "4.5:1",
    +               "fgColor": "#94a3b8",
    +               "fontSize": "10.5pt (14px)",
    +               "fontWeight": "normal",
    +               "messageKey": null,
    +             },
    +             "id": "color-contrast",
    +             "impact": "serious",
    +             "message": "Element has insufficient color contrast of 4.03 (foreground color: #94a3b8, background color: #334155, font size: 10.5pt (14px), font weight: normal). Expected contrast ratio of 4.5:1",
    +             "relatedNodes": Array [
    +               Object {
    +                 "html": "<button class=\"flex items-center gap-2 px-3 py-2 rounded-lg text-sm transition-colors bg-slate-700 text-slate-400 border border-slate-600\" title=\"Cloud sync disabled\">",
    +                 "target": Array [
    +                   "button[title=\"Cloud sync disabled\"]",
    +                 ],
    +               },
    +             ],
    +           },
    +         ],
    +         "failureSummary": "Fix any of the following:
    +   Element has insufficient color contrast of 4.03 (foreground color: #94a3b8, background color: #334155, font size: 10.5pt (14px), font weight: normal). Expected contrast ratio of 4.5:1",
    +         "html": "<span class=\"hidden sm:inline\">Local only</span>",
    +         "impact": "serious",
    +         "none": Array [],
    +         "target": Array [
    +           "button[title=\"Cloud sync disabled\"] > .sm\\:inline.hidden",
    +         ],
    +       },
    +       Object {
    +         "all": Array [],
    +         "any": Array [
    +           Object {
    +             "data": Object {
    +               "bgColor": "#e6d2d2",
    +               "contrastRatio": 1.31,
    +               "expectedContrastRatio": "4.5:1",
    +               "fgColor": "#fca5a5",
    +               "fontSize": "9.0pt (12px)",
    +               "fontWeight": "normal",
    +               "messageKey": null,
    +             },
    +             "id": "color-contrast",
    +             "impact": "serious",
    +             "message": "Element has insufficient color contrast of 1.31 (foreground color: #fca5a5, background color: #e6d2d2, font size: 9.0pt (12px), font weight: normal). Expected contrast ratio of 4.5:1",
    +             "relatedNodes": Array [
    +               Object {
    +                 "html": "<button class=\"flex items-center ga...\" aria-label=\"Logout\" title=\"Logout\">",
    +                 "target": Array [
    +                   ".text-red-300",
    +                 ],
    +               },
    +               Object {
    +                 "html": "<header class=\"border-b border-border bg-background/80 backdrop-blur-md sticky top-0 z-50 shadow-sm transition-colors\" role=\"banner\">",
    +                 "target": Array [
    +                   "header",
    +                 ],
    +               },
    +               Object {
    +                 "html": "<div class=\"min-h-screen bg-background text-foreground flex flex-col font-sans selection:bg-accent-primary/30 transition-colors\">",
    +                 "target": Array [
    +                   ".min-h-screen",
    +                 ],
    +               },
    +             ],
    +           },
    +         ],
    +         "failureSummary": "Fix any of the following:
    +   Element has insufficient color contrast of 1.31 (foreground color: #fca5a5, background color: #e6d2d2, font size: 9.0pt (12px), font weight: normal). Expected contrast ratio of 4.5:1",
    +         "html": "<span class=\"hidden sm:inline\">Logout</span>",
    +         "impact": "serious",
    +         "none": Array [],
    +         "target": Array [
    +           ".text-red-300 > .sm\\:inline.hidden",
    +         ],
    +       },
    +     ],
    +     "tags": Array [
    +       "cat.color",
    +       "wcag2aa",
    +       "wcag143",
    +       "TTv5",
    +       "TT13.c",
    +       "EN-301-549",
    +       "EN-9.1.4.3",
    +       "ACT",
    +       "RGAAv4",
    +       "RGAA-3.2.1",
    +     ],
    +   },
    + ]

      68 |     
      69 |     const contrastViolations = results.violations.filter(v => v.id === 'color-contrast');
    > 70 |     expect(contrastViolations).toEqual([]);
         |                                ^
      71 |   });
      72 |
      73 |   test('images should have alt text', async ({ page }) => {
        at C:\Users\HP\OneDrive\Desktop\Projects\KIRO\devprompt-studio\e2e\accessibility\wcag-compliance.spec.ts:70:32

    attachment #1: screenshot (image/png) ──────────────────────────────────────────────────────────
    ..\test-results\accessibility-wcag-complia-03a46-ontrast-should-meet-WCAG-AA-ipad\test-failed-1.png
    ────────────────────────────────────────────────────────────────────────────────────────────────

    attachment #2: video (video/webm) ──────────────────────────────────────────────────────────────
    ..\test-results\accessibility-wcag-complia-03a46-ontrast-should-meet-WCAG-AA-ipad\video-1.webm
    ────────────────────────────────────────────────────────────────────────────────────────────────

    attachment #3: video (video/webm) ──────────────────────────────────────────────────────────────
    ..\test-results\accessibility-wcag-complia-03a46-ontrast-should-meet-WCAG-AA-ipad\video.webm
    ────────────────────────────────────────────────────────────────────────────────────────────────

    Error Context: ..\test-results\accessibility-wcag-complia-03a46-ontrast-should-meet-WCAG-AA-ipad\error-context.md
]]>
</failure>
<system-out>
<![CDATA[
[[ATTACHMENT|accessibility-wcag-complia-03a46-ontrast-should-meet-WCAG-AA-ipad\test-failed-1.png]]

[[ATTACHMENT|accessibility-wcag-complia-03a46-ontrast-should-meet-WCAG-AA-ipad\video-1.webm]]

[[ATTACHMENT|accessibility-wcag-complia-03a46-ontrast-should-meet-WCAG-AA-ipad\video.webm]]

[[ATTACHMENT|accessibility-wcag-complia-03a46-ontrast-should-meet-WCAG-AA-ipad\error-context.md]]
]]>
</system-out>
</testcase>
<testcase name="WCAG 2.1 AA Compliance › images should have alt text" classname="accessibility\wcag-compliance.spec.ts" time="7.442">
</testcase>
<testcase name="WCAG 2.1 AA Compliance › form labels should be associated" classname="accessibility\wcag-compliance.spec.ts" time="10.425">
</testcase>
<testcase name="WCAG 2.1 AA Compliance › headings should be in order" classname="accessibility\wcag-compliance.spec.ts" time="14.046">
</testcase>
<testcase name="WCAG 2.1 AA Compliance › ARIA attributes should be valid" classname="accessibility\wcag-compliance.spec.ts" time="5.781">
</testcase>
<testcase name="WCAG 2.1 AA Compliance › page should have lang attribute" classname="accessibility\wcag-compliance.spec.ts" time="4.008">
</testcase>
</testsuite>
</testsuites>